{"C:\\Users\\User\\Desktop\\PROYECTO\\RickandMorty\\Server\\src\\app.js": {"path":"C:\\Users\\User\\Desktop\\PROYECTO\\RickandMorty\\Server\\src\\app.js","statementMap":{"0":{"start":{"line":1,"column":16},"end":{"line":1,"column":34}},"1":{"start":{"line":2,"column":15},"end":{"line":2,"column":24}},"2":{"start":{"line":3,"column":15},"end":{"line":3,"column":32}},"3":{"start":{"line":4,"column":15},"end":{"line":4,"column":40}},"4":{"start":{"line":6,"column":0},"end":{"line":18,"column":4}},"5":{"start":{"line":7,"column":4},"end":{"line":7,"column":51}},"6":{"start":{"line":8,"column":4},"end":{"line":8,"column":59}},"7":{"start":{"line":9,"column":4},"end":{"line":12,"column":6}},"8":{"start":{"line":13,"column":4},"end":{"line":16,"column":6}},"9":{"start":{"line":17,"column":4},"end":{"line":17,"column":11}},"10":{"start":{"line":20,"column":0},"end":{"line":20,"column":27}},"11":{"start":{"line":22,"column":0},"end":{"line":22,"column":35}},"12":{"start":{"line":24,"column":0},"end":{"line":24,"column":24}}},"fnMap":{"0":{"name":"(anonymous_0)","decl":{"start":{"line":6,"column":11},"end":{"line":6,"column":12}},"loc":{"start":{"line":6,"column":31},"end":{"line":18,"column":2}},"line":6}},"branchMap":{},"s":{"0":1,"1":1,"2":1,"3":1,"4":1,"5":13,"6":13,"7":13,"8":13,"9":13,"10":1,"11":1,"12":1},"f":{"0":13},"b":{},"_coverageSchema":"1a1c01bbd47fc00a2c39e90264f33305004495a9","hash":"481d98db5636fa1673e573518f7f7a26bfc5c5f3"}
,"C:\\Users\\User\\Desktop\\PROYECTO\\RickandMorty\\Server\\src\\controllers\\getCharById.js": {"path":"C:\\Users\\User\\Desktop\\PROYECTO\\RickandMorty\\Server\\src\\controllers\\getCharById.js","statementMap":{"0":{"start":{"line":17,"column":14},"end":{"line":17,"column":30}},"1":{"start":{"line":19,"column":12},"end":{"line":19,"column":56}},"2":{"start":{"line":21,"column":20},"end":{"line":49,"column":1}},"3":{"start":{"line":36,"column":4},"end":{"line":48,"column":5}},"4":{"start":{"line":37,"column":23},"end":{"line":37,"column":33}},"5":{"start":{"line":38,"column":25},"end":{"line":38,"column":48}},"6":{"start":{"line":39,"column":8},"end":{"line":45,"column":9}},"7":{"start":{"line":40,"column":85},"end":{"line":40,"column":89}},"8":{"start":{"line":41,"column":30},"end":{"line":41,"column":80}},"9":{"start":{"line":42,"column":12},"end":{"line":42,"column":43}},"10":{"start":{"line":44,"column":12},"end":{"line":44,"column":56}},"11":{"start":{"line":47,"column":8},"end":{"line":47,"column":55}},"12":{"start":{"line":51,"column":0},"end":{"line":51,"column":29}}},"fnMap":{"0":{"name":"(anonymous_0)","decl":{"start":{"line":21,"column":20},"end":{"line":21,"column":21}},"loc":{"start":{"line":21,"column":40},"end":{"line":49,"column":1}},"line":21}},"branchMap":{"0":{"loc":{"start":{"line":39,"column":8},"end":{"line":45,"column":9}},"type":"if","locations":[{"start":{"line":39,"column":8},"end":{"line":45,"column":9}},{"start":{"line":43,"column":13},"end":{"line":45,"column":9}}],"line":39},"1":{"loc":{"start":{"line":40,"column":46},"end":{"line":40,"column":66}},"type":"default-arg","locations":[{"start":{"line":40,"column":55},"end":{"line":40,"column":66}}],"line":40}},"s":{"0":1,"1":1,"2":1,"3":3,"4":3,"5":3,"6":2,"7":2,"8":2,"9":2,"10":0,"11":1,"12":1},"f":{"0":3},"b":{"0":[2,0],"1":[0]},"_coverageSchema":"1a1c01bbd47fc00a2c39e90264f33305004495a9","hash":"ead83b9881917541a5c3cccf2400a5a353a70e33"}
,"C:\\Users\\User\\Desktop\\PROYECTO\\RickandMorty\\Server\\src\\controllers\\handleFavorites.js": {"path":"C:\\Users\\User\\Desktop\\PROYECTO\\RickandMorty\\Server\\src\\controllers\\handleFavorites.js","statementMap":{"0":{"start":{"line":1,"column":18},"end":{"line":1,"column":20}},"1":{"start":{"line":3,"column":16},"end":{"line":6,"column":1}},"2":{"start":{"line":4,"column":4},"end":{"line":4,"column":31}},"3":{"start":{"line":5,"column":4},"end":{"line":5,"column":37}},"4":{"start":{"line":8,"column":18},"end":{"line":14,"column":1}},"5":{"start":{"line":9,"column":19},"end":{"line":9,"column":29}},"6":{"start":{"line":10,"column":4},"end":{"line":12,"column":6}},"7":{"start":{"line":11,"column":8},"end":{"line":11,"column":36}},"8":{"start":{"line":13,"column":4},"end":{"line":13,"column":37}},"9":{"start":{"line":16,"column":0},"end":{"line":16,"column":37}}},"fnMap":{"0":{"name":"(anonymous_0)","decl":{"start":{"line":3,"column":16},"end":{"line":3,"column":17}},"loc":{"start":{"line":3,"column":30},"end":{"line":6,"column":1}},"line":3},"1":{"name":"(anonymous_1)","decl":{"start":{"line":8,"column":18},"end":{"line":8,"column":19}},"loc":{"start":{"line":8,"column":32},"end":{"line":14,"column":1}},"line":8},"2":{"name":"(anonymous_2)","decl":{"start":{"line":10,"column":37},"end":{"line":10,"column":38}},"loc":{"start":{"line":10,"column":46},"end":{"line":12,"column":5}},"line":10}},"branchMap":{},"s":{"0":1,"1":1,"2":6,"3":6,"4":1,"5":2,"6":2,"7":10,"8":2,"9":1},"f":{"0":6,"1":2,"2":10},"b":{},"_coverageSchema":"1a1c01bbd47fc00a2c39e90264f33305004495a9","hash":"ac389305ef43a4c20ca01c9c55eee218d2a632cf"}
,"C:\\Users\\User\\Desktop\\PROYECTO\\RickandMorty\\Server\\src\\controllers\\login.js": {"path":"C:\\Users\\User\\Desktop\\PROYECTO\\RickandMorty\\Server\\src\\controllers\\login.js","statementMap":{"0":{"start":{"line":1,"column":14},"end":{"line":1,"column":39}},"1":{"start":{"line":4,"column":14},"end":{"line":13,"column":1}},"2":{"start":{"line":5,"column":32},"end":{"line":5,"column":41}},"3":{"start":{"line":6,"column":17},"end":{"line":6,"column":22}},"4":{"start":{"line":7,"column":4},"end":{"line":11,"column":6}},"5":{"start":{"line":8,"column":8},"end":{"line":10,"column":9}},"6":{"start":{"line":9,"column":12},"end":{"line":9,"column":26}},"7":{"start":{"line":12,"column":4},"end":{"line":12,"column":22}},"8":{"start":{"line":16,"column":0},"end":{"line":16,"column":23}}},"fnMap":{"0":{"name":"(anonymous_0)","decl":{"start":{"line":4,"column":14},"end":{"line":4,"column":15}},"loc":{"start":{"line":4,"column":28},"end":{"line":13,"column":1}},"line":4},"1":{"name":"(anonymous_1)","decl":{"start":{"line":7,"column":18},"end":{"line":7,"column":19}},"loc":{"start":{"line":7,"column":28},"end":{"line":11,"column":5}},"line":7}},"branchMap":{"0":{"loc":{"start":{"line":8,"column":8},"end":{"line":10,"column":9}},"type":"if","locations":[{"start":{"line":8,"column":8},"end":{"line":10,"column":9}},{"start":{},"end":{}}],"line":8},"1":{"loc":{"start":{"line":8,"column":11},"end":{"line":8,"column":61}},"type":"binary-expr","locations":[{"start":{"line":8,"column":11},"end":{"line":8,"column":31}},{"start":{"line":8,"column":35},"end":{"line":8,"column":61}}],"line":8}},"s":{"0":1,"1":1,"2":2,"3":2,"4":2,"5":2,"6":1,"7":2,"8":1},"f":{"0":2,"1":2},"b":{"0":[1,1],"1":[2,1]},"_coverageSchema":"1a1c01bbd47fc00a2c39e90264f33305004495a9","hash":"adf515669903318dba7d17340b7f46decaf7e9c7"}
,"C:\\Users\\User\\Desktop\\PROYECTO\\RickandMorty\\Server\\src\\routes\\index.js": {"path":"C:\\Users\\User\\Desktop\\PROYECTO\\RickandMorty\\Server\\src\\routes\\index.js","statementMap":{"0":{"start":{"line":1,"column":16},"end":{"line":1,"column":34}},"1":{"start":{"line":2,"column":15},"end":{"line":2,"column":31}},"2":{"start":{"line":4,"column":0},"end":{"line":6,"column":2}},"3":{"start":{"line":5,"column":4},"end":{"line":5,"column":33}},"4":{"start":{"line":8,"column":29},"end":{"line":8,"column":70}},"5":{"start":{"line":9,"column":14},"end":{"line":9,"column":46}},"6":{"start":{"line":10,"column":20},"end":{"line":10,"column":57}},"7":{"start":{"line":12,"column":0},"end":{"line":12,"column":42}},"8":{"start":{"line":14,"column":0},"end":{"line":14,"column":28}},"9":{"start":{"line":16,"column":0},"end":{"line":16,"column":29}},"10":{"start":{"line":18,"column":0},"end":{"line":18,"column":37}},"11":{"start":{"line":20,"column":0},"end":{"line":20,"column":24}}},"fnMap":{"0":{"name":"(anonymous_0)","decl":{"start":{"line":4,"column":16},"end":{"line":4,"column":17}},"loc":{"start":{"line":4,"column":30},"end":{"line":6,"column":1}},"line":4}},"branchMap":{},"s":{"0":1,"1":1,"2":1,"3":0,"4":1,"5":1,"6":1,"7":1,"8":1,"9":1,"10":1,"11":1},"f":{"0":0},"b":{},"_coverageSchema":"1a1c01bbd47fc00a2c39e90264f33305004495a9","hash":"8901ae6d8aa2a4503a18fb873ada8c08f8f72d24"}
,"C:\\Users\\User\\Desktop\\PROYECTO\\RickandMorty\\Server\\src\\utils\\users.js": {"path":"C:\\Users\\User\\Desktop\\PROYECTO\\RickandMorty\\Server\\src\\utils\\users.js","statementMap":{"0":{"start":{"line":1,"column":0},"end":{"line":1,"column":63}}},"fnMap":{},"branchMap":{},"s":{"0":1},"f":{},"b":{},"_coverageSchema":"1a1c01bbd47fc00a2c39e90264f33305004495a9","hash":"37efea8c2bf63a31a28e937f278f36c617d21bea"}
}
